  [1m[35m (0.1ms)[0m  [1m[34mSELECT sqlite_version(*)[0m
  ↳ bin/rails:9
  [1m[35m (5.3ms)[0m  [1m[35mCREATE TABLE "schema_migrations" ("version" varchar NOT NULL PRIMARY KEY)[0m
  ↳ bin/rails:9
  [1m[35m (6.5ms)[0m  [1m[35mCREATE TABLE "ar_internal_metadata" ("key" varchar NOT NULL PRIMARY KEY, "value" varchar, "created_at" datetime NOT NULL, "updated_at" datetime NOT NULL)[0m
  ↳ bin/rails:9
  [1m[35m (0.2ms)[0m  [1m[34mSELECT "schema_migrations"."version" FROM "schema_migrations" ORDER BY "schema_migrations"."version" ASC[0m
  ↳ bin/rails:9
Migrating to CreateGossips (20191028194715)
  [1m[35m (0.1ms)[0m  [1m[36mbegin transaction[0m
  ↳ bin/rails:9
  [1m[35m (1.2ms)[0m  [1m[35mCREATE TABLE "gossips" ("id" integer PRIMARY KEY AUTOINCREMENT NOT NULL, "title" varchar, "contect" text, "user_id" integer, "created_at" datetime NOT NULL, "updated_at" datetime NOT NULL)[0m
  ↳ db/migrate/20191028194715_create_gossips.rb:3
  [1m[35m (0.2ms)[0m  [1m[35mCREATE  INDEX "index_gossips_on_user_id" ON "gossips" ("user_id")[0m
  ↳ db/migrate/20191028194715_create_gossips.rb:3
  [1m[36mActiveRecord::SchemaMigration Create (0.2ms)[0m  [1m[32mINSERT INTO "schema_migrations" ("version") VALUES (?)[0m  [["version", "20191028194715"]]
  ↳ bin/rails:9
  [1m[35m (6.6ms)[0m  [1m[36mcommit transaction[0m
  ↳ bin/rails:9
  [1m[36mActiveRecord::InternalMetadata Load (0.3ms)[0m  [1m[34mSELECT  "ar_internal_metadata".* FROM "ar_internal_metadata" WHERE "ar_internal_metadata"."key" = ? LIMIT ?[0m  [["key", "environment"], ["LIMIT", 1]]
  ↳ bin/rails:9
  [1m[35m (0.1ms)[0m  [1m[36mbegin transaction[0m
  ↳ bin/rails:9
  [1m[36mActiveRecord::InternalMetadata Create (1.1ms)[0m  [1m[32mINSERT INTO "ar_internal_metadata" ("key", "value", "created_at", "updated_at") VALUES (?, ?, ?, ?)[0m  [["key", "environment"], ["value", "development"], ["created_at", "2019-10-28 19:49:01.098103"], ["updated_at", "2019-10-28 19:49:01.098103"]]
  ↳ bin/rails:9
  [1m[35m (4.3ms)[0m  [1m[36mcommit transaction[0m
  ↳ bin/rails:9
  [1m[35m (0.2ms)[0m  [1m[34mSELECT "schema_migrations"."version" FROM "schema_migrations" ORDER BY "schema_migrations"."version" ASC[0m
  ↳ bin/rails:9
  [1m[35m (0.1ms)[0m  [1m[34mSELECT "schema_migrations"."version" FROM "schema_migrations" ORDER BY "schema_migrations"."version" ASC[0m
  ↳ bin/rails:9
  [1m[36mActiveRecord::InternalMetadata Load (0.1ms)[0m  [1m[34mSELECT  "ar_internal_metadata".* FROM "ar_internal_metadata" WHERE "ar_internal_metadata"."key" = ? LIMIT ?[0m  [["key", "environment"], ["LIMIT", 1]]
  ↳ bin/rails:9
  [1m[35m (0.1ms)[0m  [1m[36mbegin transaction[0m
  ↳ bin/rails:9
  [1m[35m (0.0ms)[0m  [1m[36mcommit transaction[0m
  ↳ bin/rails:9
  [1m[35m (0.1ms)[0m  [1m[34mSELECT "schema_migrations"."version" FROM "schema_migrations" ORDER BY "schema_migrations"."version" ASC[0m
  ↳ bin/rails:9
Started GET "/" for 127.0.0.1 at 2019-10-28 20:50:24 +0100
  [1m[35m (0.1ms)[0m  [1m[34mSELECT "schema_migrations"."version" FROM "schema_migrations" ORDER BY "schema_migrations"."version" ASC[0m
  ↳ /home/ayless/.rvm/gems/ruby-2.5.1/gems/activerecord-5.2.3/lib/active_record/log_subscriber.rb:98
Processing by Rails::WelcomeController#index as HTML
  Rendering /home/ayless/.rvm/gems/ruby-2.5.1/gems/railties-5.2.3/lib/rails/templates/rails/welcome/index.html.erb
  Rendered /home/ayless/.rvm/gems/ruby-2.5.1/gems/railties-5.2.3/lib/rails/templates/rails/welcome/index.html.erb (1.7ms)
Completed 200 OK in 10ms (Views: 4.5ms | ActiveRecord: 0.0ms)


Started GET "/contact" for 127.0.0.1 at 2019-10-28 20:51:46 +0100
Processing by StaticPagesController#contact as HTML
  Rendering static_pages/contact.html.erb within layouts/application
  Rendered static_pages/contact.html.erb within layouts/application (0.2ms)
Completed 200 OK in 1213ms (Views: 1212.2ms | ActiveRecord: 0.0ms)


Started GET "/team" for 127.0.0.1 at 2019-10-28 20:51:56 +0100
Processing by StaticPagesController#team as HTML
  Rendering static_pages/team.html.erb within layouts/application
  Rendered static_pages/team.html.erb within layouts/application (0.3ms)
Completed 200 OK in 71ms (Views: 69.2ms | ActiveRecord: 0.0ms)


Started GET "/team" for 127.0.0.1 at 2019-10-28 20:52:10 +0100
Processing by StaticPagesController#team as HTML
  Rendering static_pages/team.html.erb within layouts/application
  Rendered static_pages/team.html.erb within layouts/application (0.4ms)
Completed 200 OK in 21ms (Views: 20.0ms | ActiveRecord: 0.0ms)


Started GET "/team" for 127.0.0.1 at 2019-10-28 20:52:33 +0100
Processing by StaticPagesController#team as HTML
  Rendering static_pages/team.html.erb within layouts/application
  Rendered static_pages/team.html.erb within layouts/application (0.4ms)
Completed 200 OK in 45ms (Views: 43.3ms | ActiveRecord: 0.0ms)


Started GET "/team" for 127.0.0.1 at 2019-10-28 20:52:46 +0100
Processing by StaticPagesController#team as HTML
  Rendering static_pages/team.html.erb within layouts/application
  Rendered static_pages/team.html.erb within layouts/application (0.7ms)
Completed 200 OK in 37ms (Views: 36.0ms | ActiveRecord: 0.0ms)


Started GET "/team" for 127.0.0.1 at 2019-10-28 20:52:55 +0100
Processing by StaticPagesController#team as HTML
  Rendering static_pages/team.html.erb within layouts/application
  Rendered static_pages/team.html.erb within layouts/application (0.8ms)
Completed 200 OK in 26ms (Views: 24.5ms | ActiveRecord: 0.0ms)


Started GET "/team" for 127.0.0.1 at 2019-10-28 20:53:04 +0100
Processing by StaticPagesController#team as HTML
  Rendering static_pages/team.html.erb within layouts/application
  Rendered static_pages/team.html.erb within layouts/application (0.3ms)
Completed 200 OK in 24ms (Views: 22.6ms | ActiveRecord: 0.0ms)


Started GET "/rer" for 127.0.0.1 at 2019-10-28 20:53:26 +0100
  
ActionController::RoutingError (No route matches [GET] "/rer"):
  
actionpack (5.2.3) lib/action_dispatch/middleware/debug_exceptions.rb:65:in `call'
web-console (3.7.0) lib/web_console/middleware.rb:135:in `call_app'
web-console (3.7.0) lib/web_console/middleware.rb:30:in `block in call'
web-console (3.7.0) lib/web_console/middleware.rb:20:in `catch'
web-console (3.7.0) lib/web_console/middleware.rb:20:in `call'
actionpack (5.2.3) lib/action_dispatch/middleware/show_exceptions.rb:33:in `call'
railties (5.2.3) lib/rails/rack/logger.rb:38:in `call_app'
railties (5.2.3) lib/rails/rack/logger.rb:26:in `block in call'
activesupport (5.2.3) lib/active_support/tagged_logging.rb:71:in `block in tagged'
activesupport (5.2.3) lib/active_support/tagged_logging.rb:28:in `tagged'
activesupport (5.2.3) lib/active_support/tagged_logging.rb:71:in `tagged'
railties (5.2.3) lib/rails/rack/logger.rb:26:in `call'
sprockets-rails (3.2.1) lib/sprockets/rails/quiet_assets.rb:13:in `call'
actionpack (5.2.3) lib/action_dispatch/middleware/remote_ip.rb:81:in `call'
actionpack (5.2.3) lib/action_dispatch/middleware/request_id.rb:27:in `call'
rack (2.0.7) lib/rack/method_override.rb:22:in `call'
rack (2.0.7) lib/rack/runtime.rb:22:in `call'
activesupport (5.2.3) lib/active_support/cache/strategy/local_cache_middleware.rb:29:in `call'
actionpack (5.2.3) lib/action_dispatch/middleware/executor.rb:14:in `call'
actionpack (5.2.3) lib/action_dispatch/middleware/static.rb:127:in `call'
rack (2.0.7) lib/rack/sendfile.rb:111:in `call'
railties (5.2.3) lib/rails/engine.rb:524:in `call'
puma (3.12.1) lib/puma/configuration.rb:227:in `call'
puma (3.12.1) lib/puma/server.rb:660:in `handle_request'
puma (3.12.1) lib/puma/server.rb:474:in `process_client'
puma (3.12.1) lib/puma/server.rb:334:in `block in run'
puma (3.12.1) lib/puma/thread_pool.rb:135:in `block in spawn_thread'
Started GET "/gossips" for 127.0.0.1 at 2019-10-28 20:53:31 +0100
  
ActionController::RoutingError (No route matches [GET] "/gossips"):
  
actionpack (5.2.3) lib/action_dispatch/middleware/debug_exceptions.rb:65:in `call'
web-console (3.7.0) lib/web_console/middleware.rb:135:in `call_app'
web-console (3.7.0) lib/web_console/middleware.rb:30:in `block in call'
web-console (3.7.0) lib/web_console/middleware.rb:20:in `catch'
web-console (3.7.0) lib/web_console/middleware.rb:20:in `call'
actionpack (5.2.3) lib/action_dispatch/middleware/show_exceptions.rb:33:in `call'
railties (5.2.3) lib/rails/rack/logger.rb:38:in `call_app'
railties (5.2.3) lib/rails/rack/logger.rb:26:in `block in call'
activesupport (5.2.3) lib/active_support/tagged_logging.rb:71:in `block in tagged'
activesupport (5.2.3) lib/active_support/tagged_logging.rb:28:in `tagged'
activesupport (5.2.3) lib/active_support/tagged_logging.rb:71:in `tagged'
railties (5.2.3) lib/rails/rack/logger.rb:26:in `call'
sprockets-rails (3.2.1) lib/sprockets/rails/quiet_assets.rb:13:in `call'
actionpack (5.2.3) lib/action_dispatch/middleware/remote_ip.rb:81:in `call'
actionpack (5.2.3) lib/action_dispatch/middleware/request_id.rb:27:in `call'
rack (2.0.7) lib/rack/method_override.rb:22:in `call'
rack (2.0.7) lib/rack/runtime.rb:22:in `call'
activesupport (5.2.3) lib/active_support/cache/strategy/local_cache_middleware.rb:29:in `call'
actionpack (5.2.3) lib/action_dispatch/middleware/executor.rb:14:in `call'
actionpack (5.2.3) lib/action_dispatch/middleware/static.rb:127:in `call'
rack (2.0.7) lib/rack/sendfile.rb:111:in `call'
railties (5.2.3) lib/rails/engine.rb:524:in `call'
puma (3.12.1) lib/puma/configuration.rb:227:in `call'
puma (3.12.1) lib/puma/server.rb:660:in `handle_request'
puma (3.12.1) lib/puma/server.rb:474:in `process_client'
puma (3.12.1) lib/puma/server.rb:334:in `block in run'
puma (3.12.1) lib/puma/thread_pool.rb:135:in `block in spawn_thread'
Started GET "/gossip" for 127.0.0.1 at 2019-10-28 20:53:33 +0100
  
ActionController::RoutingError (No route matches [GET] "/gossip"):
  
actionpack (5.2.3) lib/action_dispatch/middleware/debug_exceptions.rb:65:in `call'
web-console (3.7.0) lib/web_console/middleware.rb:135:in `call_app'
web-console (3.7.0) lib/web_console/middleware.rb:30:in `block in call'
web-console (3.7.0) lib/web_console/middleware.rb:20:in `catch'
web-console (3.7.0) lib/web_console/middleware.rb:20:in `call'
actionpack (5.2.3) lib/action_dispatch/middleware/show_exceptions.rb:33:in `call'
railties (5.2.3) lib/rails/rack/logger.rb:38:in `call_app'
railties (5.2.3) lib/rails/rack/logger.rb:26:in `block in call'
activesupport (5.2.3) lib/active_support/tagged_logging.rb:71:in `block in tagged'
activesupport (5.2.3) lib/active_support/tagged_logging.rb:28:in `tagged'
activesupport (5.2.3) lib/active_support/tagged_logging.rb:71:in `tagged'
railties (5.2.3) lib/rails/rack/logger.rb:26:in `call'
sprockets-rails (3.2.1) lib/sprockets/rails/quiet_assets.rb:13:in `call'
actionpack (5.2.3) lib/action_dispatch/middleware/remote_ip.rb:81:in `call'
actionpack (5.2.3) lib/action_dispatch/middleware/request_id.rb:27:in `call'
rack (2.0.7) lib/rack/method_override.rb:22:in `call'
rack (2.0.7) lib/rack/runtime.rb:22:in `call'
activesupport (5.2.3) lib/active_support/cache/strategy/local_cache_middleware.rb:29:in `call'
actionpack (5.2.3) lib/action_dispatch/middleware/executor.rb:14:in `call'
actionpack (5.2.3) lib/action_dispatch/middleware/static.rb:127:in `call'
rack (2.0.7) lib/rack/sendfile.rb:111:in `call'
railties (5.2.3) lib/rails/engine.rb:524:in `call'
puma (3.12.1) lib/puma/configuration.rb:227:in `call'
puma (3.12.1) lib/puma/server.rb:660:in `handle_request'
puma (3.12.1) lib/puma/server.rb:474:in `process_client'
puma (3.12.1) lib/puma/server.rb:334:in `block in run'
puma (3.12.1) lib/puma/thread_pool.rb:135:in `block in spawn_thread'
Started GET "/welcome" for 127.0.0.1 at 2019-10-28 20:53:41 +0100
  
ActionController::RoutingError (No route matches [GET] "/welcome"):
  
actionpack (5.2.3) lib/action_dispatch/middleware/debug_exceptions.rb:65:in `call'
web-console (3.7.0) lib/web_console/middleware.rb:135:in `call_app'
web-console (3.7.0) lib/web_console/middleware.rb:30:in `block in call'
web-console (3.7.0) lib/web_console/middleware.rb:20:in `catch'
web-console (3.7.0) lib/web_console/middleware.rb:20:in `call'
actionpack (5.2.3) lib/action_dispatch/middleware/show_exceptions.rb:33:in `call'
railties (5.2.3) lib/rails/rack/logger.rb:38:in `call_app'
railties (5.2.3) lib/rails/rack/logger.rb:26:in `block in call'
activesupport (5.2.3) lib/active_support/tagged_logging.rb:71:in `block in tagged'
activesupport (5.2.3) lib/active_support/tagged_logging.rb:28:in `tagged'
activesupport (5.2.3) lib/active_support/tagged_logging.rb:71:in `tagged'
railties (5.2.3) lib/rails/rack/logger.rb:26:in `call'
sprockets-rails (3.2.1) lib/sprockets/rails/quiet_assets.rb:13:in `call'
actionpack (5.2.3) lib/action_dispatch/middleware/remote_ip.rb:81:in `call'
actionpack (5.2.3) lib/action_dispatch/middleware/request_id.rb:27:in `call'
rack (2.0.7) lib/rack/method_override.rb:22:in `call'
rack (2.0.7) lib/rack/runtime.rb:22:in `call'
activesupport (5.2.3) lib/active_support/cache/strategy/local_cache_middleware.rb:29:in `call'
actionpack (5.2.3) lib/action_dispatch/middleware/executor.rb:14:in `call'
actionpack (5.2.3) lib/action_dispatch/middleware/static.rb:127:in `call'
rack (2.0.7) lib/rack/sendfile.rb:111:in `call'
railties (5.2.3) lib/rails/engine.rb:524:in `call'
puma (3.12.1) lib/puma/configuration.rb:227:in `call'
puma (3.12.1) lib/puma/server.rb:660:in `handle_request'
puma (3.12.1) lib/puma/server.rb:474:in `process_client'
puma (3.12.1) lib/puma/server.rb:334:in `block in run'
puma (3.12.1) lib/puma/thread_pool.rb:135:in `block in spawn_thread'
Started GET "/welcome/id" for 127.0.0.1 at 2019-10-28 20:53:43 +0100
Processing by DynamicPagesController#welcome as HTML
  Parameters: {"id"=>"id"}
Completed 500 Internal Server Error in 1ms (ActiveRecord: 0.0ms)


  
ArgumentError (wrong number of arguments (given 1, expected 0)):
  
app/controllers/dynamic_pages_controller.rb:3:in `welcome'
Started GET "/welcome/lpe" for 127.0.0.1 at 2019-10-28 20:53:46 +0100
Processing by DynamicPagesController#welcome as HTML
  Parameters: {"id"=>"lpe"}
Completed 500 Internal Server Error in 1ms (ActiveRecord: 0.0ms)


  
ArgumentError (wrong number of arguments (given 1, expected 0)):
  
app/controllers/dynamic_pages_controller.rb:3:in `welcome'
Started GET "/welcome/ok" for 127.0.0.1 at 2019-10-28 20:53:49 +0100
Processing by DynamicPagesController#welcome as HTML
  Parameters: {"id"=>"ok"}
Completed 500 Internal Server Error in 1ms (ActiveRecord: 0.0ms)


  
ArgumentError (wrong number of arguments (given 1, expected 0)):
  
app/controllers/dynamic_pages_controller.rb:3:in `welcome'
Started GET "/welcome/ok" for 127.0.0.1 at 2019-10-28 20:54:36 +0100
Processing by DynamicPagesController#welcome as HTML
  Parameters: {"id"=>"ok"}
Completed 500 Internal Server Error in 1ms (ActiveRecord: 0.0ms)


  
ArgumentError (wrong number of arguments (given 1, expected 0)):
  
app/controllers/dynamic_pages_controller.rb:3:in `welcome'
Started GET "/welcome/ok" for 127.0.0.1 at 2019-10-28 20:54:37 +0100
Processing by DynamicPagesController#welcome as HTML
  Parameters: {"id"=>"ok"}
Completed 500 Internal Server Error in 1ms (ActiveRecord: 0.0ms)


  
ArgumentError (wrong number of arguments (given 1, expected 0)):
  
app/controllers/dynamic_pages_controller.rb:3:in `welcome'
Started GET "/welcome/ok" for 127.0.0.1 at 2019-10-28 20:54:53 +0100
Processing by DynamicPagesController#welcome as HTML
  Parameters: {"id"=>"ok"}
Completed 500 Internal Server Error in 1ms (ActiveRecord: 0.0ms)


  
ArgumentError (wrong number of arguments (given 1, expected 0)):
  
app/controllers/dynamic_pages_controller.rb:3:in `welcome'
Started GET "/welcome/ok" for 127.0.0.1 at 2019-10-28 20:54:54 +0100
Processing by DynamicPagesController#welcome as HTML
  Parameters: {"id"=>"ok"}
Completed 500 Internal Server Error in 1ms (ActiveRecord: 0.0ms)


  
ArgumentError (wrong number of arguments (given 1, expected 0)):
  
app/controllers/dynamic_pages_controller.rb:3:in `welcome'
Started GET "/welcome/id" for 127.0.0.1 at 2019-10-28 20:57:45 +0100
Processing by DynamicPagesController#welcome as HTML
  Parameters: {"id"=>"id"}
Completed 500 Internal Server Error in 1ms (ActiveRecord: 0.0ms)


  
ArgumentError (wrong number of arguments (given 1, expected 0)):
  
app/controllers/dynamic_pages_controller.rb:3:in `welcome'
Started GET "/welcome/id" for 127.0.0.1 at 2019-10-28 20:57:46 +0100
Processing by DynamicPagesController#welcome as HTML
  Parameters: {"id"=>"id"}
Completed 500 Internal Server Error in 1ms (ActiveRecord: 0.0ms)


  
ArgumentError (wrong number of arguments (given 1, expected 0)):
  
app/controllers/dynamic_pages_controller.rb:3:in `welcome'
Started GET "/welcome/id" for 127.0.0.1 at 2019-10-28 20:57:47 +0100
Processing by DynamicPagesController#welcome as HTML
  Parameters: {"id"=>"id"}
Completed 500 Internal Server Error in 1ms (ActiveRecord: 0.0ms)


  
ArgumentError (wrong number of arguments (given 1, expected 0)):
  
app/controllers/dynamic_pages_controller.rb:3:in `welcome'
Started GET "/welcome/id" for 127.0.0.1 at 2019-10-28 20:57:48 +0100
Processing by DynamicPagesController#welcome as HTML
  Parameters: {"id"=>"id"}
Completed 500 Internal Server Error in 1ms (ActiveRecord: 0.0ms)


  
ArgumentError (wrong number of arguments (given 1, expected 0)):
  
app/controllers/dynamic_pages_controller.rb:3:in `welcome'
Started GET "/contact" for 127.0.0.1 at 2019-10-28 21:07:28 +0100
  [1m[35m (0.1ms)[0m  [1m[34mSELECT "schema_migrations"."version" FROM "schema_migrations" ORDER BY "schema_migrations"."version" ASC[0m
  ↳ /home/ayless/.rvm/gems/ruby-2.5.1/gems/activerecord-5.2.3/lib/active_record/log_subscriber.rb:98
Processing by StaticPagesController#contact as HTML
  Rendering static_pages/contact.html.erb within layouts/application
  Rendered static_pages/contact.html.erb within layouts/application (0.7ms)
Completed 200 OK in 229ms (Views: 223.7ms | ActiveRecord: 0.0ms)


Started GET "/team" for 127.0.0.1 at 2019-10-28 21:07:31 +0100
Processing by StaticPagesController#team as HTML
  Rendering static_pages/team.html.erb within layouts/application
  Rendered static_pages/team.html.erb within layouts/application (0.3ms)
Completed 200 OK in 27ms (Views: 25.7ms | ActiveRecord: 0.0ms)


Started GET "/id" for 127.0.0.1 at 2019-10-28 21:07:35 +0100
  
ActionController::RoutingError (No route matches [GET] "/id"):
  
actionpack (5.2.3) lib/action_dispatch/middleware/debug_exceptions.rb:65:in `call'
web-console (3.7.0) lib/web_console/middleware.rb:135:in `call_app'
web-console (3.7.0) lib/web_console/middleware.rb:30:in `block in call'
web-console (3.7.0) lib/web_console/middleware.rb:20:in `catch'
web-console (3.7.0) lib/web_console/middleware.rb:20:in `call'
actionpack (5.2.3) lib/action_dispatch/middleware/show_exceptions.rb:33:in `call'
railties (5.2.3) lib/rails/rack/logger.rb:38:in `call_app'
railties (5.2.3) lib/rails/rack/logger.rb:26:in `block in call'
activesupport (5.2.3) lib/active_support/tagged_logging.rb:71:in `block in tagged'
activesupport (5.2.3) lib/active_support/tagged_logging.rb:28:in `tagged'
activesupport (5.2.3) lib/active_support/tagged_logging.rb:71:in `tagged'
railties (5.2.3) lib/rails/rack/logger.rb:26:in `call'
sprockets-rails (3.2.1) lib/sprockets/rails/quiet_assets.rb:13:in `call'
actionpack (5.2.3) lib/action_dispatch/middleware/remote_ip.rb:81:in `call'
actionpack (5.2.3) lib/action_dispatch/middleware/request_id.rb:27:in `call'
rack (2.0.7) lib/rack/method_override.rb:22:in `call'
rack (2.0.7) lib/rack/runtime.rb:22:in `call'
activesupport (5.2.3) lib/active_support/cache/strategy/local_cache_middleware.rb:29:in `call'
actionpack (5.2.3) lib/action_dispatch/middleware/executor.rb:14:in `call'
actionpack (5.2.3) lib/action_dispatch/middleware/static.rb:127:in `call'
rack (2.0.7) lib/rack/sendfile.rb:111:in `call'
railties (5.2.3) lib/rails/engine.rb:524:in `call'
puma (3.12.1) lib/puma/configuration.rb:227:in `call'
puma (3.12.1) lib/puma/server.rb:660:in `handle_request'
puma (3.12.1) lib/puma/server.rb:474:in `process_client'
puma (3.12.1) lib/puma/server.rb:334:in `block in run'
puma (3.12.1) lib/puma/thread_pool.rb:135:in `block in spawn_thread'
Started GET "/" for 127.0.0.1 at 2019-10-28 21:07:38 +0100
Processing by StaticPagesController#home as HTML
  Rendering static_pages/home.html.erb within layouts/application
  Rendered static_pages/home.html.erb within layouts/application (370.2ms)
Completed 500 Internal Server Error in 374ms (ActiveRecord: 0.0ms)


  
ActionView::Template::Error (undefined local variable or method `gossips' for #<#<Class:0x000055bc67ca30b8>:0x00007f77cc0727e0>):
     6:   <body>
     7:     <h1>Mon super site de gossip, depuis le dossier views !</h1>
     8: <a href = "/gossips/new/">Créer un nouveau gossip</a>
     9:     <% gossips.each_with_index do |gossip, index| %>
    10:       <p>
    11: 	<a href = "/gossips/<%= index + 1%>/">N°<%= index + 1 %></a>
    12: 	<br>
  
app/views/static_pages/home.html.erb:9:in `_app_views_static_pages_home_html_erb___365926369401089752_70076250429560'
Started GET "/" for 127.0.0.1 at 2019-10-28 21:07:40 +0100
Processing by StaticPagesController#home as HTML
  Rendering static_pages/home.html.erb within layouts/application
  Rendered static_pages/home.html.erb within layouts/application (304.5ms)
Completed 500 Internal Server Error in 308ms (ActiveRecord: 0.0ms)


  
ActionView::Template::Error (undefined local variable or method `gossips' for #<#<Class:0x000055bc67ca30b8>:0x00007f77cc023780>):
     6:   <body>
     7:     <h1>Mon super site de gossip, depuis le dossier views !</h1>
     8: <a href = "/gossips/new/">Créer un nouveau gossip</a>
     9:     <% gossips.each_with_index do |gossip, index| %>
    10:       <p>
    11: 	<a href = "/gossips/<%= index + 1%>/">N°<%= index + 1 %></a>
    12: 	<br>
  
app/views/static_pages/home.html.erb:9:in `_app_views_static_pages_home_html_erb___365926369401089752_70076317368440'
Started GET "/" for 127.0.0.1 at 2019-10-28 21:11:03 +0100
  [1m[35m (0.1ms)[0m  [1m[34mSELECT "schema_migrations"."version" FROM "schema_migrations" ORDER BY "schema_migrations"."version" ASC[0m
  ↳ /home/ayless/.rvm/gems/ruby-2.5.1/gems/activerecord-5.2.3/lib/active_record/log_subscriber.rb:98
Processing by StaticPagesController#home as HTML
  Rendering static_pages/home.html.erb within layouts/application
  Rendered static_pages/home.html.erb within layouts/application (280.1ms)
Completed 500 Internal Server Error in 289ms (ActiveRecord: 0.0ms)


  
ActionView::Template::Error (undefined local variable or method `gossips' for #<#<Class:0x00007f87588bf5b0>:0x000055ade06f7988>):
     6:   <body>
     7:     <h1>Mon super site de gossip, depuis le dossier views !</h1>
     8: =begin<a href = "/gossips/new/">Créer un nouveau gossip</a>
     9:     <% gossips.each_with_index do |gossip, index| %>
    10:       <p>
    11: 	<a href = "/gossips/<%= index + 1%>/">N°<%= index + 1 %></a>
    12: 	<br>
  
app/views/static_pages/home.html.erb:9:in `_app_views_static_pages_home_html_erb__1349678619800082907_47102641586940'
Started GET "/" for 127.0.0.1 at 2019-10-28 21:11:05 +0100
Processing by StaticPagesController#home as HTML
  Rendering static_pages/home.html.erb within layouts/application
  Rendered static_pages/home.html.erb within layouts/application (302.4ms)
Completed 500 Internal Server Error in 308ms (ActiveRecord: 0.0ms)


  
ActionView::Template::Error (undefined local variable or method `gossips' for #<#<Class:0x00007f87588bf5b0>:0x00007f8764019b98>):
     6:   <body>
     7:     <h1>Mon super site de gossip, depuis le dossier views !</h1>
     8: =begin<a href = "/gossips/new/">Créer un nouveau gossip</a>
     9:     <% gossips.each_with_index do |gossip, index| %>
    10:       <p>
    11: 	<a href = "/gossips/<%= index + 1%>/">N°<%= index + 1 %></a>
    12: 	<br>
  
app/views/static_pages/home.html.erb:9:in `_app_views_static_pages_home_html_erb__1349678619800082907_70109737570900'
Started GET "/" for 127.0.0.1 at 2019-10-28 21:11:57 +0100
  [1m[35m (0.1ms)[0m  [1m[34mSELECT "schema_migrations"."version" FROM "schema_migrations" ORDER BY "schema_migrations"."version" ASC[0m
  ↳ /home/ayless/.rvm/gems/ruby-2.5.1/gems/activerecord-5.2.3/lib/active_record/log_subscriber.rb:98
Processing by StaticPagesController#home as HTML
  Rendering static_pages/home.html.erb within layouts/application
  Rendered static_pages/home.html.erb within layouts/application (286.1ms)
Completed 500 Internal Server Error in 296ms (ActiveRecord: 0.0ms)


  
ActionView::Template::Error (undefined local variable or method `gossips' for #<#<Class:0x00007fe1948bfdd0>:0x00007fe1948bc5e0>):
     6:   <body>
     7:     <h1>Mon super site de gossip, depuis le dossier views !</h1>
     8: =begin <a href = "/gossips/new/">Créer un nouveau gossip</a>
     9:     <% gossips.each_with_index do |gossip, index| %>
    10:       <p>
    11: 	<a href = "/gossips/<%= index + 1%>/">N°<%= index + 1 %></a>
    12: 	<br>
  
app/views/static_pages/home.html.erb:9:in `_app_views_static_pages_home_html_erb__3959727742640042729_47087628011960'
Started GET "/" for 127.0.0.1 at 2019-10-28 21:11:57 +0100
Processing by StaticPagesController#home as HTML
  Rendering static_pages/home.html.erb within layouts/application
  Rendered static_pages/home.html.erb within layouts/application (309.3ms)
Completed 500 Internal Server Error in 315ms (ActiveRecord: 0.0ms)


  
ActionView::Template::Error (undefined local variable or method `gossips' for #<#<Class:0x00007fe1948bfdd0>:0x00007fe196108f90>):
     6:   <body>
     7:     <h1>Mon super site de gossip, depuis le dossier views !</h1>
     8: =begin <a href = "/gossips/new/">Créer un nouveau gossip</a>
     9:     <% gossips.each_with_index do |gossip, index| %>
    10:       <p>
    11: 	<a href = "/gossips/<%= index + 1%>/">N°<%= index + 1 %></a>
    12: 	<br>
  
app/views/static_pages/home.html.erb:9:in `_app_views_static_pages_home_html_erb__3959727742640042729_70303431019600'
Started GET "/" for 127.0.0.1 at 2019-10-28 21:11:59 +0100
Processing by StaticPagesController#home as HTML
  Rendering static_pages/home.html.erb within layouts/application
  Rendered static_pages/home.html.erb within layouts/application (282.9ms)
Completed 500 Internal Server Error in 287ms (ActiveRecord: 0.0ms)


  
ActionView::Template::Error (undefined local variable or method `gossips' for #<#<Class:0x00007fe1948bfdd0>:0x000055a6e25b9fd0>):
     6:   <body>
     7:     <h1>Mon super site de gossip, depuis le dossier views !</h1>
     8: =begin <a href = "/gossips/new/">Créer un nouveau gossip</a>
     9:     <% gossips.each_with_index do |gossip, index| %>
    10:       <p>
    11: 	<a href = "/gossips/<%= index + 1%>/">N°<%= index + 1 %></a>
    12: 	<br>
  
app/views/static_pages/home.html.erb:9:in `_app_views_static_pages_home_html_erb__3959727742640042729_47087625296460'
Started GET "/" for 127.0.0.1 at 2019-10-28 21:11:59 +0100
Processing by StaticPagesController#home as HTML
  Rendering static_pages/home.html.erb within layouts/application
  Rendered static_pages/home.html.erb within layouts/application (315.6ms)
Completed 500 Internal Server Error in 319ms (ActiveRecord: 0.0ms)


  
ActionView::Template::Error (undefined local variable or method `gossips' for #<#<Class:0x00007fe1948bfdd0>:0x00007fe194c87d00>):
     6:   <body>
     7:     <h1>Mon super site de gossip, depuis le dossier views !</h1>
     8: =begin <a href = "/gossips/new/">Créer un nouveau gossip</a>
     9:     <% gossips.each_with_index do |gossip, index| %>
    10:       <p>
    11: 	<a href = "/gossips/<%= index + 1%>/">N°<%= index + 1 %></a>
    12: 	<br>
  
app/views/static_pages/home.html.erb:9:in `_app_views_static_pages_home_html_erb__3959727742640042729_70303423185500'
Started GET "/" for 127.0.0.1 at 2019-10-28 21:12:30 +0100
  [1m[35m (0.1ms)[0m  [1m[34mSELECT "schema_migrations"."version" FROM "schema_migrations" ORDER BY "schema_migrations"."version" ASC[0m
  ↳ /home/ayless/.rvm/gems/ruby-2.5.1/gems/activerecord-5.2.3/lib/active_record/log_subscriber.rb:98
Processing by StaticPagesController#home as HTML
  Rendering static_pages/home.html.erb within layouts/application
  Rendered static_pages/home.html.erb within layouts/application (0.6ms)
Completed 200 OK in 195ms (Views: 189.1ms | ActiveRecord: 0.0ms)


Started GET "/" for 127.0.0.1 at 2019-10-28 21:12:31 +0100
Processing by StaticPagesController#home as HTML
  Rendering static_pages/home.html.erb within layouts/application
  Rendered static_pages/home.html.erb within layouts/application (0.3ms)
Completed 200 OK in 19ms (Views: 17.7ms | ActiveRecord: 0.0ms)


Started GET "/team" for 127.0.0.1 at 2019-10-28 21:12:34 +0100
Processing by StaticPagesController#team as HTML
  Rendering static_pages/team.html.erb within layouts/application
  Rendered static_pages/team.html.erb within layouts/application (0.3ms)
Completed 200 OK in 23ms (Views: 22.0ms | ActiveRecord: 0.0ms)


Started GET "/contact" for 127.0.0.1 at 2019-10-28 21:12:38 +0100
Processing by StaticPagesController#contact as HTML
  Rendering static_pages/contact.html.erb within layouts/application
  Rendered static_pages/contact.html.erb within layouts/application (0.3ms)
Completed 200 OK in 21ms (Views: 19.5ms | ActiveRecord: 0.0ms)


Started GET "/welcome" for 127.0.0.1 at 2019-10-28 21:12:40 +0100
Processing by DynamicPagesController#welcome as HTML
Completed 500 Internal Server Error in 1ms (ActiveRecord: 0.0ms)


  
ArgumentError (wrong number of arguments (given 1, expected 0)):
  
app/controllers/dynamic_pages_controller.rb:3:in `welcome'
Started GET "/welcome/ieo" for 127.0.0.1 at 2019-10-28 21:12:43 +0100
Processing by DynamicPagesController#welcome as HTML
  Parameters: {"id"=>"ieo"}
Completed 500 Internal Server Error in 1ms (ActiveRecord: 0.0ms)


  
ArgumentError (wrong number of arguments (given 1, expected 0)):
  
app/controllers/dynamic_pages_controller.rb:3:in `welcome'
Started GET "/welcome/ieo" for 127.0.0.1 at 2019-10-28 21:14:40 +0100
Processing by DynamicPagesController#welcome as HTML
  Parameters: {"id"=>"ieo"}
  Rendering dynamic_pages/welcome.html.erb within layouts/application
  [1m[36mGossip Load (0.2ms)[0m  [1m[34mSELECT "gossips".* FROM "gossips"[0m
  ↳ app/views/dynamic_pages/welcome.html.erb:4
  Rendered dynamic_pages/welcome.html.erb within layouts/application (6.4ms)
Completed 200 OK in 29ms (Views: 27.1ms | ActiveRecord: 0.4ms)


Started GET "/welcome/ieo" for 127.0.0.1 at 2019-10-28 21:14:42 +0100
Processing by DynamicPagesController#welcome as HTML
  Parameters: {"id"=>"ieo"}
  Rendering dynamic_pages/welcome.html.erb within layouts/application
  [1m[36mGossip Load (0.1ms)[0m  [1m[34mSELECT "gossips".* FROM "gossips"[0m
  ↳ app/views/dynamic_pages/welcome.html.erb:4
  Rendered dynamic_pages/welcome.html.erb within layouts/application (1.0ms)
Completed 200 OK in 36ms (Views: 34.5ms | ActiveRecord: 0.1ms)


Started GET "/welcome/ieo" for 127.0.0.1 at 2019-10-28 21:15:56 +0100
Processing by DynamicPagesController#welcome as HTML
  Parameters: {"id"=>"ieo"}
  Rendering dynamic_pages/welcome.html.erb within layouts/application
  [1m[36mGossip Load (0.2ms)[0m  [1m[34mSELECT "gossips".* FROM "gossips"[0m
  ↳ app/views/dynamic_pages/welcome.html.erb:4
  Rendered dynamic_pages/welcome.html.erb within layouts/application (1.7ms)
Completed 200 OK in 29ms (Views: 27.3ms | ActiveRecord: 0.2ms)


Started GET "/welcome/ieo" for 127.0.0.1 at 2019-10-28 21:15:58 +0100
Processing by DynamicPagesController#welcome as HTML
  Parameters: {"id"=>"ieo"}
  Rendering dynamic_pages/welcome.html.erb within layouts/application
  [1m[36mGossip Load (0.1ms)[0m  [1m[34mSELECT "gossips".* FROM "gossips"[0m
  ↳ app/views/dynamic_pages/welcome.html.erb:4
  Rendered dynamic_pages/welcome.html.erb within layouts/application (1.1ms)
Completed 200 OK in 35ms (Views: 33.6ms | ActiveRecord: 0.1ms)


Started GET "/welcome/ieotrt" for 127.0.0.1 at 2019-10-28 21:16:00 +0100
Processing by DynamicPagesController#welcome as HTML
  Parameters: {"id"=>"ieotrt"}
  Rendering dynamic_pages/welcome.html.erb within layouts/application
  [1m[36mGossip Load (0.1ms)[0m  [1m[34mSELECT "gossips".* FROM "gossips"[0m
  ↳ app/views/dynamic_pages/welcome.html.erb:4
  Rendered dynamic_pages/welcome.html.erb within layouts/application (2.3ms)
Completed 200 OK in 27ms (Views: 25.0ms | ActiveRecord: 0.1ms)


Started GET "/welcome/ieotrt" for 127.0.0.1 at 2019-10-28 21:16:09 +0100
Processing by DynamicPagesController#welcome as HTML
  Parameters: {"id"=>"ieotrt"}
  Rendering dynamic_pages/welcome.html.erb within layouts/application
  [1m[36mGossip Load (0.1ms)[0m  [1m[34mSELECT "gossips".* FROM "gossips"[0m
  ↳ app/views/dynamic_pages/welcome.html.erb:4
  Rendered dynamic_pages/welcome.html.erb within layouts/application (1.1ms)
Completed 200 OK in 20ms (Views: 18.9ms | ActiveRecord: 0.1ms)


Started GET "/welcome/ieotrt" for 127.0.0.1 at 2019-10-28 21:16:10 +0100
Processing by DynamicPagesController#welcome as HTML
  Parameters: {"id"=>"ieotrt"}
  Rendering dynamic_pages/welcome.html.erb within layouts/application
  [1m[36mGossip Load (0.1ms)[0m  [1m[34mSELECT "gossips".* FROM "gossips"[0m
  ↳ app/views/dynamic_pages/welcome.html.erb:4
  Rendered dynamic_pages/welcome.html.erb within layouts/application (1.3ms)
Completed 200 OK in 22ms (Views: 20.2ms | ActiveRecord: 0.1ms)


Started GET "/welcome/ieotrt" for 127.0.0.1 at 2019-10-28 21:17:36 +0100
Processing by DynamicPagesController#welcome as HTML
  Parameters: {"id"=>"ieotrt"}
  Rendering dynamic_pages/welcome.html.erb within layouts/application
  Rendered dynamic_pages/welcome.html.erb within layouts/application (0.5ms)
Completed 200 OK in 20ms (Views: 19.1ms | ActiveRecord: 0.0ms)


Started GET "/welcome/ieotrt" for 127.0.0.1 at 2019-10-28 21:18:09 +0100
Processing by DynamicPagesController#welcome as HTML
  Parameters: {"id"=>"ieotrt"}
  Rendering dynamic_pages/welcome.html.erb within layouts/application
  Rendered dynamic_pages/welcome.html.erb within layouts/application (5.1ms)
Completed 500 Internal Server Error in 8ms (ActiveRecord: 0.0ms)


  
ActionView::Template::Error (undefined method `capitalize' for #<ActionController::Parameters:0x00007f5fa8005938>):
    1: <h1>On dirait bien que <%= @first_name.capitalize %> est passé par là... </h1>
    2: <h3>On lui balance tout? </h3>
    3: <br/>
  
app/views/dynamic_pages/welcome.html.erb:1:in `_app_views_dynamic_pages_welcome_html_erb___4514628892162760359_70024408605580'
Started GET "/welcome/ieotrt" for 127.0.0.1 at 2019-10-28 21:18:11 +0100
Processing by DynamicPagesController#welcome as HTML
  Parameters: {"id"=>"ieotrt"}
  Rendering dynamic_pages/welcome.html.erb within layouts/application
  Rendered dynamic_pages/welcome.html.erb within layouts/application (10.4ms)
Completed 500 Internal Server Error in 16ms (ActiveRecord: 0.0ms)


  
ActionView::Template::Error (undefined method `capitalize' for #<ActionController::Parameters:0x00007f5fb80cc398>):
    1: <h1>On dirait bien que <%= @first_name.capitalize %> est passé par là... </h1>
    2: <h3>On lui balance tout? </h3>
    3: <br/>
  
app/views/dynamic_pages/welcome.html.erb:1:in `_app_views_dynamic_pages_welcome_html_erb___4514628892162760359_70024543221860'
Started GET "/welcome/ieotrt" for 127.0.0.1 at 2019-10-28 21:20:33 +0100
Processing by DynamicPagesController#welcome as HTML
  Parameters: {"id"=>"ieotrt"}
  Rendering dynamic_pages/welcome.html.erb within layouts/application
  Rendered dynamic_pages/welcome.html.erb within layouts/application (0.3ms)
Completed 200 OK in 27ms (Views: 25.4ms | ActiveRecord: 0.0ms)


Started GET "/welcome/ieotrt" for 127.0.0.1 at 2019-10-28 21:20:34 +0100
Processing by DynamicPagesController#welcome as HTML
  Parameters: {"id"=>"ieotrt"}
  Rendering dynamic_pages/welcome.html.erb within layouts/application
  Rendered dynamic_pages/welcome.html.erb within layouts/application (0.3ms)
Completed 200 OK in 26ms (Views: 24.8ms | ActiveRecord: 0.0ms)


Started GET "/welcome/ezrtez" for 127.0.0.1 at 2019-10-28 21:20:40 +0100
Processing by DynamicPagesController#welcome as HTML
  Parameters: {"id"=>"ezrtez"}
  Rendering dynamic_pages/welcome.html.erb within layouts/application
  Rendered dynamic_pages/welcome.html.erb within layouts/application (0.3ms)
Completed 200 OK in 18ms (Views: 16.9ms | ActiveRecord: 0.0ms)


Started GET "/team" for 127.0.0.1 at 2019-10-28 21:20:44 +0100
Processing by StaticPagesController#team as HTML
  Rendering static_pages/team.html.erb within layouts/application
  Rendered static_pages/team.html.erb within layouts/application (0.3ms)
Completed 200 OK in 26ms (Views: 24.9ms | ActiveRecord: 0.0ms)


Started GET "/contact" for 127.0.0.1 at 2019-10-28 21:20:48 +0100
Processing by StaticPagesController#contact as HTML
  Rendering static_pages/contact.html.erb within layouts/application
  Rendered static_pages/contact.html.erb within layouts/application (0.3ms)
Completed 200 OK in 28ms (Views: 26.4ms | ActiveRecord: 0.0ms)


Started GET "/" for 127.0.0.1 at 2019-10-28 21:22:03 +0100
Processing by StaticPagesController#home as HTML
  Rendering static_pages/home.html.erb within layouts/application
  Rendered static_pages/home.html.erb within layouts/application (0.3ms)
Completed 200 OK in 26ms (Views: 24.5ms | ActiveRecord: 0.0ms)


